0 info it worked if it ends with ok
1 verbose cli [ 'c:\\Program Files\\nodejs\\node.exe',
1 verbose cli   'c:\\Users\\KH384\\AppData\\Roaming\\npm\\node_modules\\npm\\bin\\npm-cli.js',
1 verbose cli   'run',
1 verbose cli   'postBuild' ]
2 info using npm@3.10.5
3 info using node@v4.4.7
4 verbose stack Error: missing script: postBuild
4 verbose stack     at run (c:\Users\KH384\AppData\Roaming\npm\node_modules\npm\lib\run-script.js:151:19)
4 verbose stack     at c:\Users\KH384\AppData\Roaming\npm\node_modules\npm\lib\run-script.js:61:5
4 verbose stack     at c:\Users\KH384\AppData\Roaming\npm\node_modules\npm\node_modules\read-package-json\read-json.js:356:5
4 verbose stack     at checkBinReferences_ (c:\Users\KH384\AppData\Roaming\npm\node_modules\npm\node_modules\read-package-json\read-json.js:320:45)
4 verbose stack     at final (c:\Users\KH384\AppData\Roaming\npm\node_modules\npm\node_modules\read-package-json\read-json.js:354:3)
4 verbose stack     at then (c:\Users\KH384\AppData\Roaming\npm\node_modules\npm\node_modules\read-package-json\read-json.js:124:5)
4 verbose stack     at c:\Users\KH384\AppData\Roaming\npm\node_modules\npm\node_modules\read-package-json\read-json.js:311:12
4 verbose stack     at c:\Users\KH384\AppData\Roaming\npm\node_modules\npm\node_modules\graceful-fs\graceful-fs.js:78:16
4 verbose stack     at FSReqWrap.readFileAfterClose [as oncomplete] (fs.js:380:3)
5 verbose cwd d:\Frontend\PatronHub\patron\semantic
6 error Windows_NT 6.2.9200
7 error argv "c:\\Program Files\\nodejs\\node.exe" "c:\\Users\\KH384\\AppData\\Roaming\\npm\\node_modules\\npm\\bin\\npm-cli.js" "run" "postBuild"
8 error node v4.4.7
9 error npm  v3.10.5
10 error missing script: postBuild
11 error If you need help, you may report this error at:
11 error     <https://github.com/npm/npm/issues>
12 verbose exit [ 1, true ]
